INFO pool-1-thread-1 com.alibaba.nacos.client.utils.ParamUtil - [settings] [req-serv] nacos-server port:8848
INFO pool-1-thread-1 com.alibaba.nacos.client.utils.ParamUtil - [settings] [http-client] connect timeout:1000
INFO pool-1-thread-1 com.alibaba.nacos.client.utils.ParamUtil - PER_TASK_CONFIG_SIZE: 3000.0
INFO pool-1-thread-1 com.alibaba.nacos.client.identify.CredentialWatcher - null No credential found
INFO pool-1-thread-1 com.alibaba.nacos.client.config.impl.LocalConfigInfoProcessor - LOCAL_SNAPSHOT_PATH:C:\Users\lhm\nacos\config
DEBUG pool-1-thread-1 com.alibaba.nacos.client.config.impl.ConfigHttpClientManager - HTTP method: GET, url: http://192.168.44.128:8848/nacos/v1/cs/configs?dataId=Nacos_Maven_lhm_Jdbc.properties&group=zjrc_lhm_GROUP, body: null
DEBUG pool-1-thread-1 com.alibaba.nacos.client.config.impl.ConfigHttpClientManager - Execute via interceptors :[com.alibaba.nacos.client.config.impl.ConfigHttpClientManager$LimiterHttpClientRequestInterceptor@7c9ebcc7]
INFO pool-1-thread-1 com.alibaba.nacos.client.config.impl.Limiter - limitTime:5.0
INFO pool-1-thread-1 com.alibaba.nacos.client.config.utils.JvmUtil - isMultiInstance:false
WARN Thread-3 com.alibaba.nacos.common.http.HttpClientBeanHolder - [HttpClientBeanHolder] Start destroying common HttpClient
WARN Thread-3 com.alibaba.nacos.common.http.HttpClientBeanHolder - [HttpClientBeanHolder] Destruction of the end
WARN pool-1-thread-1 com.alibaba.nacos.client.logging.NacosLogging - Load Logback Configuration of Nacos fail, message: Could not initialize Logback Nacos logging from classpath:nacos-logback.xml
INFO pool-1-thread-1 com.alibaba.nacos.client.utils.ParamUtil - [settings] [req-serv] nacos-server port:8848
INFO pool-1-thread-1 com.alibaba.nacos.client.utils.ParamUtil - [settings] [http-client] connect timeout:1000
INFO pool-1-thread-1 com.alibaba.nacos.client.utils.ParamUtil - PER_TASK_CONFIG_SIZE: 3000.0
INFO pool-1-thread-1 com.alibaba.nacos.client.identify.CredentialWatcher - null No credential found
INFO pool-1-thread-1 com.alibaba.nacos.client.config.impl.LocalConfigInfoProcessor - LOCAL_SNAPSHOT_PATH:C:\Users\lhm\nacos\config
DEBUG pool-1-thread-1 com.alibaba.nacos.client.config.impl.ConfigHttpClientManager - HTTP method: GET, url: http://192.168.44.128:8848/nacos/v1/cs/configs?dataId=Nacos_Maven_lhm_Jdbc.properties&group=zjrc_lhm_GROUP, body: null
DEBUG pool-1-thread-1 com.alibaba.nacos.client.config.impl.ConfigHttpClientManager - Execute via interceptors :[com.alibaba.nacos.client.config.impl.ConfigHttpClientManager$LimiterHttpClientRequestInterceptor@7325b1b3]
INFO pool-1-thread-1 com.alibaba.nacos.client.config.impl.Limiter - limitTime:5.0
INFO pool-1-thread-1 com.alibaba.nacos.client.config.utils.JvmUtil - isMultiInstance:false
WARN Thread-3 com.alibaba.nacos.common.http.HttpClientBeanHolder - [HttpClientBeanHolder] Start destroying common HttpClient
WARN Thread-3 com.alibaba.nacos.common.http.HttpClientBeanHolder - [HttpClientBeanHolder] Destruction of the end
WARN pool-1-thread-1 com.alibaba.nacos.client.logging.NacosLogging - Load Logback Configuration of Nacos fail, message: Could not initialize Logback Nacos logging from classpath:nacos-logback.xml
INFO pool-1-thread-1 com.alibaba.nacos.client.utils.ParamUtil - [settings] [req-serv] nacos-server port:8848
INFO pool-1-thread-1 com.alibaba.nacos.client.utils.ParamUtil - [settings] [http-client] connect timeout:1000
INFO pool-1-thread-1 com.alibaba.nacos.client.utils.ParamUtil - PER_TASK_CONFIG_SIZE: 3000.0
INFO pool-1-thread-1 com.alibaba.nacos.client.identify.CredentialWatcher - null No credential found
INFO pool-1-thread-1 com.alibaba.nacos.client.config.impl.LocalConfigInfoProcessor - LOCAL_SNAPSHOT_PATH:C:\Users\lhm\nacos\config
DEBUG pool-1-thread-1 com.alibaba.nacos.client.config.impl.ConfigHttpClientManager - HTTP method: GET, url: http://192.168.44.128:8848/nacos/v1/cs/configs?dataId=Nacos_Maven_lhm_Jdbc.properties&group=zjrc_lhm_GROUP, body: null
DEBUG pool-1-thread-1 com.alibaba.nacos.client.config.impl.ConfigHttpClientManager - Execute via interceptors :[com.alibaba.nacos.client.config.impl.ConfigHttpClientManager$LimiterHttpClientRequestInterceptor@74b8b299]
INFO pool-1-thread-1 com.alibaba.nacos.client.config.impl.Limiter - limitTime:5.0
INFO pool-1-thread-1 com.alibaba.nacos.client.config.utils.JvmUtil - isMultiInstance:false
WARN Thread-3 com.alibaba.nacos.common.http.HttpClientBeanHolder - [HttpClientBeanHolder] Start destroying common HttpClient
WARN Thread-3 com.alibaba.nacos.common.http.HttpClientBeanHolder - [HttpClientBeanHolder] Destruction of the end
WARN pool-1-thread-1 com.alibaba.nacos.client.logging.NacosLogging - Load Logback Configuration of Nacos fail, message: Could not initialize Logback Nacos logging from classpath:nacos-logback.xml
INFO pool-1-thread-1 com.alibaba.nacos.client.utils.ParamUtil - [settings] [req-serv] nacos-server port:8848
INFO pool-1-thread-1 com.alibaba.nacos.client.utils.ParamUtil - [settings] [http-client] connect timeout:1000
INFO pool-1-thread-1 com.alibaba.nacos.client.utils.ParamUtil - PER_TASK_CONFIG_SIZE: 3000.0
INFO pool-1-thread-1 com.alibaba.nacos.client.identify.CredentialWatcher - null No credential found
INFO pool-1-thread-1 com.alibaba.nacos.client.config.impl.LocalConfigInfoProcessor - LOCAL_SNAPSHOT_PATH:C:\Users\lhm\nacos\config
DEBUG pool-1-thread-1 com.alibaba.nacos.client.config.impl.ConfigHttpClientManager - HTTP method: GET, url: http://192.168.44.128:8848/nacos/v1/cs/configs?dataId=Nacos_Maven_lhm_Jdbc.properties&group=zjrc_lhm_GROUP, body: null
DEBUG pool-1-thread-1 com.alibaba.nacos.client.config.impl.ConfigHttpClientManager - Execute via interceptors :[com.alibaba.nacos.client.config.impl.ConfigHttpClientManager$LimiterHttpClientRequestInterceptor@707f0ebb]
INFO pool-1-thread-1 com.alibaba.nacos.client.config.impl.Limiter - limitTime:5.0
INFO pool-1-thread-1 com.alibaba.nacos.client.config.utils.JvmUtil - isMultiInstance:false
WARN Thread-3 com.alibaba.nacos.common.http.HttpClientBeanHolder - [HttpClientBeanHolder] Start destroying common HttpClient
WARN Thread-3 com.alibaba.nacos.common.http.HttpClientBeanHolder - [HttpClientBeanHolder] Destruction of the end
WARN pool-1-thread-1 com.alibaba.nacos.client.logging.NacosLogging - Load Logback Configuration of Nacos fail, message: Could not initialize Logback Nacos logging from classpath:nacos-logback.xml
INFO pool-1-thread-1 com.alibaba.nacos.client.utils.ParamUtil - [settings] [req-serv] nacos-server port:8848
INFO pool-1-thread-1 com.alibaba.nacos.client.utils.ParamUtil - [settings] [http-client] connect timeout:1000
INFO pool-1-thread-1 com.alibaba.nacos.client.utils.ParamUtil - PER_TASK_CONFIG_SIZE: 3000.0
INFO pool-1-thread-1 com.alibaba.nacos.client.identify.CredentialWatcher - null No credential found
INFO pool-1-thread-1 com.alibaba.nacos.client.config.impl.LocalConfigInfoProcessor - LOCAL_SNAPSHOT_PATH:C:\Users\lhm\nacos\config
DEBUG pool-1-thread-1 com.alibaba.nacos.client.config.impl.ConfigHttpClientManager - HTTP method: GET, url: http://192.168.44.128:8848/nacos/v1/cs/configs?dataId=Nacos_Maven_lhm_Jdbc.properties&group=zjrc_lhm_GROUP, body: null
DEBUG pool-1-thread-1 com.alibaba.nacos.client.config.impl.ConfigHttpClientManager - Execute via interceptors :[com.alibaba.nacos.client.config.impl.ConfigHttpClientManager$LimiterHttpClientRequestInterceptor@74b8b299]
INFO pool-1-thread-1 com.alibaba.nacos.client.config.impl.Limiter - limitTime:5.0
INFO pool-1-thread-1 com.alibaba.nacos.client.config.utils.JvmUtil - isMultiInstance:false
WARN Thread-3 com.alibaba.nacos.common.http.HttpClientBeanHolder - [HttpClientBeanHolder] Start destroying common HttpClient
WARN Thread-3 com.alibaba.nacos.common.http.HttpClientBeanHolder - [HttpClientBeanHolder] Destruction of the end
WARN pool-1-thread-1 com.alibaba.nacos.client.logging.NacosLogging - Load Logback Configuration of Nacos fail, message: Could not initialize Logback Nacos logging from classpath:nacos-logback.xml
INFO pool-1-thread-1 com.alibaba.nacos.client.utils.ParamUtil - [settings] [req-serv] nacos-server port:8848
INFO pool-1-thread-1 com.alibaba.nacos.client.utils.ParamUtil - [settings] [http-client] connect timeout:1000
INFO pool-1-thread-1 com.alibaba.nacos.client.utils.ParamUtil - PER_TASK_CONFIG_SIZE: 3000.0
INFO pool-1-thread-1 com.alibaba.nacos.client.identify.CredentialWatcher - null No credential found
INFO pool-1-thread-1 com.alibaba.nacos.client.config.impl.LocalConfigInfoProcessor - LOCAL_SNAPSHOT_PATH:C:\Users\lhm\nacos\config
DEBUG pool-1-thread-1 com.alibaba.nacos.client.config.impl.ConfigHttpClientManager - HTTP method: GET, url: http://192.168.44.128:8848/nacos/v1/cs/configs?dataId=Nacos_Maven_lhm_Jdbc.properties&group=zjrc_lhm_GROUP, body: null
DEBUG pool-1-thread-1 com.alibaba.nacos.client.config.impl.ConfigHttpClientManager - Execute via interceptors :[com.alibaba.nacos.client.config.impl.ConfigHttpClientManager$LimiterHttpClientRequestInterceptor@72ebbf54]
INFO pool-1-thread-1 com.alibaba.nacos.client.config.impl.Limiter - limitTime:5.0
INFO pool-1-thread-1 com.alibaba.nacos.client.config.utils.JvmUtil - isMultiInstance:false
WARN Thread-3 com.alibaba.nacos.common.http.HttpClientBeanHolder - [HttpClientBeanHolder] Start destroying common HttpClient
WARN Thread-3 com.alibaba.nacos.common.http.HttpClientBeanHolder - [HttpClientBeanHolder] Destruction of the end
